This is pdfTeX, Version 3.14159265-2.6-1.40.20 (TeX Live 2019) (preloaded format=pdflatex 2019.7.21)  6 AUG 2019 09:17
entering extended mode
 restricted \write18 enabled.
 %&-line parsing enabled.
**WF/Combinators/Core.icl
(./WF/Combinators/Core.icl
LaTeX2e <2018-12-01>

! LaTeX Error: Missing \begin{document}.

See the LaTeX manual or LaTeX Companion for explanation.
Type  H <return>  for immediate help.
 ...                                              
                                                  
l.1 i
     mplementation module iTasks.WF.Combinators.Core
? 
! Emergency stop.
 ...                                              
                                                  
l.1 i
     mplementation module iTasks.WF.Combinators.Core
You're in trouble here.  Try typing  <return>  to proceed.
If that doesn't work, type  X <return>  to quit.

 
Here is how much of TeX's memory you used:
 8 strings out of 494498
 297 string characters out of 6176126
 52801 words of memory out of 5000000
 3778 multiletter control sequences out of 15000+600000
 3640 words of font info for 14 fonts, out of 8000000 for 9000
 54 hyphenation exceptions out of 8191
 5i,0n,4p,74b,14s stack positions out of 5000i,500n,10000p,200000b,80000s
!  ==> Fatal error occurred, no output PDF file produced!
